[03-Apr-2025 16:14:57 Europe/Berlin] Key: kb_id, Value: kb_0001
[03-Apr-2025 16:14:57 Europe/Berlin] Key: name, Value: Cherry
[03-Apr-2025 16:14:57 Europe/Berlin] Key: condition, Value: GOOD
[03-Apr-2025 16:14:57 Europe/Berlin] Key: cost, Value: 500
[03-Apr-2025 16:14:57 Europe/Berlin] Key: status, Value: IN_USE
[03-Apr-2025 16:14:57 Europe/Berlin] Key: tableSelect, Value: keyboards
[03-Apr-2025 16:14:57 Europe/Berlin] Array
(
    [kb_id] => kb_0001
    [name] => Cherry
    [condition] => GOOD
    [cost] => 500
    [status] => IN_USE
    [tableSelect] => keyboards
)

[03-Apr-2025 16:14:57 Europe/Berlin] Parameters values: Array
(
    [0] => kb_0001
    [1] => Cherry
    [2] => GOOD
    [3] => 500
    [4] => IN_USE
)

[03-Apr-2025 16:14:57 Europe/Berlin] Parameters names: Array
(
    [0] => kb_id
    [1] => name
    [2] => condition
    [3] => cost
    [4] => status
)

[03-Apr-2025 16:14:57 Europe/Berlin] table name is: keyboards
[03-Apr-2025 16:14:57 Europe/Berlin] Execution not successfull for the add_querySQLSTATE[HY093]: Invalid parameter number: number of bound variables does not match number of tokens
[03-Apr-2025 16:35:46 Europe/Berlin] Key: kb_id, Value: kb_0001
[03-Apr-2025 16:35:46 Europe/Berlin] Key: name, Value: Cherry
[03-Apr-2025 16:35:46 Europe/Berlin] Key: condition, Value: GOOD
[03-Apr-2025 16:35:46 Europe/Berlin] Key: cost, Value: 500
[03-Apr-2025 16:35:46 Europe/Berlin] Key: status, Value: IN_USE
[03-Apr-2025 16:35:46 Europe/Berlin] Key: tableSelect, Value: keyboards
[03-Apr-2025 16:35:46 Europe/Berlin] Array
(
    [kb_id] => kb_0001
    [name] => Cherry
    [condition] => GOOD
    [cost] => 500
    [status] => IN_USE
    [tableSelect] => keyboards
)

[03-Apr-2025 16:35:46 Europe/Berlin] Parameters values: Array
(
    [0] => kb_0001
    [1] => Cherry
    [2] => GOOD
    [3] => 500
    [4] => IN_USE
)

[03-Apr-2025 16:35:46 Europe/Berlin] Parameters names: Array
(
    [0] => kb_id
    [1] => name
    [2] => condition
    [3] => cost
    [4] => status
)

[03-Apr-2025 16:35:46 Europe/Berlin] table name is: keyboards
[03-Apr-2025 16:35:46 Europe/Berlin] Execution not successful for view_tableSQLSTATE[42000]: Syntax error or access violation: 1064 You have an error in your SQL syntax; check the manual that corresponds to your MariaDB server version for the right syntax to use near 'add' at line 1
[03-Apr-2025 16:35:46 Europe/Berlin] Message: No data available
[03-Apr-2025 16:38:12 Europe/Berlin] Key: mouse_id, Value: mouse_0001
[03-Apr-2025 16:38:12 Europe/Berlin] Key: name, Value: DELL
[03-Apr-2025 16:38:12 Europe/Berlin] Key: condition, Value: GOOD
[03-Apr-2025 16:38:12 Europe/Berlin] Key: cost, Value: 15
[03-Apr-2025 16:38:12 Europe/Berlin] Key: status, Value: IN_USE
[03-Apr-2025 16:38:12 Europe/Berlin] Key: tableSelect, Value: mice
[03-Apr-2025 16:38:12 Europe/Berlin] Array
(
    [mouse_id] => mouse_0001
    [name] => DELL
    [condition] => GOOD
    [cost] => 15
    [status] => IN_USE
    [tableSelect] => mice
)

[03-Apr-2025 16:38:12 Europe/Berlin] Parameters values: Array
(
    [0] => mouse_0001
    [1] => DELL
    [2] => GOOD
    [3] => 15
    [4] => IN_USE
)

[03-Apr-2025 16:38:12 Europe/Berlin] Parameters names: Array
(
    [0] => mouse_id
    [1] => name
    [2] => condition
    [3] => cost
    [4] => status
)

[03-Apr-2025 16:38:12 Europe/Berlin] table name is: mice
[03-Apr-2025 16:38:12 Europe/Berlin] Execution not successfull for the add_querySQLSTATE[42S22]: Column not found: 1054 Unknown column 'status' in 'field list'
[03-Apr-2025 16:38:12 Europe/Berlin] Execution not successful for view_tableSQLSTATE[42000]: Syntax error or access violation: 1064 You have an error in your SQL syntax; check the manual that corresponds to your MariaDB server version for the right syntax to use near 'add' at line 1
[03-Apr-2025 16:38:12 Europe/Berlin] Message: No data available
[03-Apr-2025 16:38:53 Europe/Berlin] Key: mouse_id, Value: mouse_0001
[03-Apr-2025 16:38:53 Europe/Berlin] Key: name, Value: DELL
[03-Apr-2025 16:38:53 Europe/Berlin] Key: condition, Value: GOOD
[03-Apr-2025 16:38:53 Europe/Berlin] Key: cost, Value: 15
[03-Apr-2025 16:38:53 Europe/Berlin] Key: status, Value: IN_USE
[03-Apr-2025 16:38:53 Europe/Berlin] Key: tableSelect, Value: mice
[03-Apr-2025 16:38:53 Europe/Berlin] Array
(
    [mouse_id] => mouse_0001
    [name] => DELL
    [condition] => GOOD
    [cost] => 15
    [status] => IN_USE
    [tableSelect] => mice
)

[03-Apr-2025 16:38:53 Europe/Berlin] Parameters values: Array
(
    [0] => mouse_0001
    [1] => DELL
    [2] => GOOD
    [3] => 15
    [4] => IN_USE
)

[03-Apr-2025 16:38:53 Europe/Berlin] Parameters names: Array
(
    [0] => mouse_id
    [1] => name
    [2] => condition
    [3] => cost
    [4] => status
)

[03-Apr-2025 16:38:53 Europe/Berlin] table name is: mice
[03-Apr-2025 16:38:53 Europe/Berlin] Execution not successfull for the add_querySQLSTATE[42S22]: Column not found: 1054 Unknown column 'status' in 'field list'
[03-Apr-2025 16:38:53 Europe/Berlin] Execution not successful for view_tableSQLSTATE[42000]: Syntax error or access violation: 1064 You have an error in your SQL syntax; check the manual that corresponds to your MariaDB server version for the right syntax to use near 'add' at line 1
[03-Apr-2025 16:38:53 Europe/Berlin] Message: No data available
[03-Apr-2025 16:45:46 Europe/Berlin] Key: mouse_id, Value: mouse_0001
[03-Apr-2025 16:45:46 Europe/Berlin] Key: name, Value: Cherry
[03-Apr-2025 16:45:46 Europe/Berlin] Key: condition, Value: GOOD
[03-Apr-2025 16:45:46 Europe/Berlin] Key: cost, Value: 500
[03-Apr-2025 16:45:46 Europe/Berlin] Key: status, Value: IN_USE
[03-Apr-2025 16:45:46 Europe/Berlin] Key: tableSelect, Value: mice
[03-Apr-2025 16:45:46 Europe/Berlin] Array
(
    [mouse_id] => mouse_0001
    [name] => Cherry
    [condition] => GOOD
    [cost] => 500
    [status] => IN_USE
    [tableSelect] => mice
)

[03-Apr-2025 16:45:46 Europe/Berlin] Parameters values: Array
(
    [0] => mouse_0001
    [1] => Cherry
    [2] => GOOD
    [3] => 500
    [4] => IN_USE
)

[03-Apr-2025 16:45:46 Europe/Berlin] Parameters names: Array
(
    [0] => mouse_id
    [1] => name
    [2] => condition
    [3] => cost
    [4] => status
)

[03-Apr-2025 16:45:46 Europe/Berlin] table name is: mice
[03-Apr-2025 16:45:46 Europe/Berlin] Execution not successfull for the add_querySQLSTATE[42S22]: Column not found: 1054 Unknown column 'status' in 'field list'
[03-Apr-2025 17:52:38 Europe/Berlin] Key: kb_id, Value: kb_0002
[03-Apr-2025 17:52:38 Europe/Berlin] Key: name, Value: Cherry
[03-Apr-2025 17:52:38 Europe/Berlin] Key: condition, Value: BROKEN
[03-Apr-2025 17:52:38 Europe/Berlin] Key: cost, Value: 500
[03-Apr-2025 17:52:38 Europe/Berlin] Key: status, Value: DISPOSED
[03-Apr-2025 17:52:38 Europe/Berlin] Key: tableSelect, Value: keyboards
[03-Apr-2025 17:52:38 Europe/Berlin] Array
(
    [kb_id] => kb_0002
    [name] => Cherry
    [condition] => BROKEN
    [cost] => 500
    [status] => DISPOSED
    [tableSelect] => keyboards
)

[03-Apr-2025 17:52:38 Europe/Berlin] Parameters values: Array
(
    [0] => kb_0002
    [1] => Cherry
    [2] => BROKEN
    [3] => 500
    [4] => DISPOSED
)

[03-Apr-2025 17:52:38 Europe/Berlin] Parameters names: Array
(
    [0] => kb_id
    [1] => name
    [2] => condition
    [3] => cost
    [4] => status
)

[03-Apr-2025 17:52:38 Europe/Berlin] table name is: keyboards
[03-Apr-2025 17:52:38 Europe/Berlin] Execution not successful for view_tableSQLSTATE[42000]: Syntax error or access violation: 1064 You have an error in your SQL syntax; check the manual that corresponds to your MariaDB server version for the right syntax to use near '' at line 1
[03-Apr-2025 17:52:38 Europe/Berlin] Message: No data available
[03-Apr-2025 18:04:03 Europe/Berlin] Key: kb_id, Value: kb_0003
[03-Apr-2025 18:04:03 Europe/Berlin] Key: name, Value: Cherry
[03-Apr-2025 18:04:03 Europe/Berlin] Key: condition, Value: GOOD
[03-Apr-2025 18:04:03 Europe/Berlin] Key: cost, Value: 320.63
[03-Apr-2025 18:04:03 Europe/Berlin] Key: status, Value: STORAGE
[03-Apr-2025 18:04:03 Europe/Berlin] Key: tableSelect, Value: keyboards
[03-Apr-2025 18:04:03 Europe/Berlin] Array
(
    [kb_id] => kb_0003
    [name] => Cherry
    [condition] => GOOD
    [cost] => 320.63
    [status] => STORAGE
    [tableSelect] => keyboards
)

[03-Apr-2025 18:04:03 Europe/Berlin] Parameters values: Array
(
    [0] => kb_0003
    [1] => Cherry
    [2] => GOOD
    [3] => 320.63
    [4] => STORAGE
)

[03-Apr-2025 18:04:03 Europe/Berlin] Parameters names: Array
(
    [0] => kb_id
    [1] => name
    [2] => condition
    [3] => cost
    [4] => status
)

[03-Apr-2025 18:04:03 Europe/Berlin] table name is: keyboards
[03-Apr-2025 18:05:00 Europe/Berlin] Key: psu_id, Value: psu_0001
[03-Apr-2025 18:05:00 Europe/Berlin] Key: name, Value: EVGA
[03-Apr-2025 18:05:00 Europe/Berlin] Key: wattage, Value: 1000
[03-Apr-2025 18:05:00 Europe/Berlin] Key: modular, Value: yes
[03-Apr-2025 18:05:00 Europe/Berlin] Key: condition, Value: GOOD
[03-Apr-2025 18:05:00 Europe/Berlin] Key: cost, Value: 145
[03-Apr-2025 18:05:00 Europe/Berlin] Key: status, Value: STORAGE
[03-Apr-2025 18:05:00 Europe/Berlin] Key: tableSelect, Value: powersupplies
[03-Apr-2025 18:05:00 Europe/Berlin] Array
(
    [psu_id] => psu_0001
    [name] => EVGA
    [wattage] => 1000
    [modular] => yes
    [condition] => GOOD
    [cost] => 145
    [status] => STORAGE
    [tableSelect] => powersupplies
)

[03-Apr-2025 18:05:00 Europe/Berlin] Parameters values: Array
(
    [0] => psu_0001
    [1] => EVGA
    [2] => 1000
    [3] => yes
    [4] => GOOD
    [5] => 145
    [6] => STORAGE
)

[03-Apr-2025 18:05:00 Europe/Berlin] Parameters names: Array
(
    [0] => psu_id
    [1] => name
    [2] => wattage
    [3] => modular
    [4] => condition
    [5] => cost
    [6] => status
)

[03-Apr-2025 18:05:00 Europe/Berlin] table name is: powersupplies
[03-Apr-2025 18:05:39 Europe/Berlin] Key: kb_id, Value: kb_0004
[03-Apr-2025 18:05:39 Europe/Berlin] Key: name, Value: Cherry
[03-Apr-2025 18:05:39 Europe/Berlin] Key: condition, Value: BROKEN
[03-Apr-2025 18:05:39 Europe/Berlin] Key: cost, Value: 321
[03-Apr-2025 18:05:39 Europe/Berlin] Key: status, Value: STORAGE
[03-Apr-2025 18:05:39 Europe/Berlin] Key: tableSelect, Value: keyboards
[03-Apr-2025 18:05:39 Europe/Berlin] Array
(
    [kb_id] => kb_0004
    [name] => Cherry
    [condition] => BROKEN
    [cost] => 321
    [status] => STORAGE
    [tableSelect] => keyboards
)

[03-Apr-2025 18:05:39 Europe/Berlin] Parameters values: Array
(
    [0] => kb_0004
    [1] => Cherry
    [2] => BROKEN
    [3] => 321
    [4] => STORAGE
)

[03-Apr-2025 18:05:39 Europe/Berlin] Parameters names: Array
(
    [0] => kb_id
    [1] => name
    [2] => condition
    [3] => cost
    [4] => status
)

[03-Apr-2025 18:05:39 Europe/Berlin] table name is: keyboards
[03-Apr-2025 18:05:56 Europe/Berlin] Execution not successful for view_tableSQLSTATE[42S02]: Base table or view not found: 1146 Table 'inventdev.broken' doesn't exist
[03-Apr-2025 18:05:56 Europe/Berlin] Message: No data available
[03-Apr-2025 18:08:02 Europe/Berlin] Key: ram_id, Value: ram_0004
[03-Apr-2025 18:08:02 Europe/Berlin] Key: name, Value: Corsair
[03-Apr-2025 18:08:02 Europe/Berlin] Key: type, Value: DDR4
[03-Apr-2025 18:08:02 Europe/Berlin] Key: speed, Value: 6000
[03-Apr-2025 18:08:02 Europe/Berlin] Key: condition, Value: GOOD
[03-Apr-2025 18:08:02 Europe/Berlin] Key: cost, Value: 110.21
[03-Apr-2025 18:08:02 Europe/Berlin] Key: status, Value: IN_USE
[03-Apr-2025 18:08:02 Europe/Berlin] Key: tableSelect, Value: ramsticks
[03-Apr-2025 18:08:02 Europe/Berlin] Array
(
    [ram_id] => ram_0004
    [name] => Corsair
    [type] => DDR4
    [speed] => 6000
    [condition] => GOOD
    [cost] => 110.21
    [status] => IN_USE
    [tableSelect] => ramsticks
)

[03-Apr-2025 18:08:02 Europe/Berlin] Parameters values: Array
(
    [0] => ram_0004
    [1] => Corsair
    [2] => DDR4
    [3] => 6000
    [4] => GOOD
    [5] => 110.21
    [6] => IN_USE
)

[03-Apr-2025 18:08:02 Europe/Berlin] Parameters names: Array
(
    [0] => ram_id
    [1] => name
    [2] => type
    [3] => speed
    [4] => condition
    [5] => cost
    [6] => status
)

[03-Apr-2025 18:08:02 Europe/Berlin] table name is: ramsticks
[03-Apr-2025 22:52:40 Europe/Berlin] Parameters values: Array
(
    [0] => kb_0005
    [1] => Harry
    [2] => GOOD
    [3] => 400
    [4] => IN_USE
)

[03-Apr-2025 22:52:40 Europe/Berlin] Parameters names: Array
(
    [0] => kb_id
    [1] => name
    [2] => condition
    [3] => cost
    [4] => status
)

[03-Apr-2025 22:52:40 Europe/Berlin] table name is: keyboards
[03-Apr-2025 22:55:37 Europe/Berlin] Parameters values: Array
(
    [0] => kb_0006
    [1] => Cherry
    [2] => GOOD
    [3] => 400
)

[03-Apr-2025 22:55:37 Europe/Berlin] Parameters names: Array
(
    [0] => kb_id
    [1] => name
    [2] => condition
    [3] => cost
)

[03-Apr-2025 22:55:37 Europe/Berlin] table name is: keyboards
[03-Apr-2025 23:04:14 Europe/Berlin] Parameters values: Array
(
    [0] => mouse_0001
    [1] => Cherry
    [2] => GOOD
    [3] => 500
)

[03-Apr-2025 23:04:14 Europe/Berlin] Parameters names: Array
(
    [0] => mouse_id
    [1] => name
    [2] => condition
    [3] => cost
)

[03-Apr-2025 23:04:14 Europe/Berlin] table name is: mice
[03-Apr-2025 23:20:46 Europe/Berlin] Execution not successful SQLSTATE[42S22]: Column not found: 1054 Unknown column 'mb_id' in 'where clause'
[03-Apr-2025 23:23:20 Europe/Berlin] Parameters values: Array
(
    [0] => kb_0007
    [1] => Cherry
    [2] => GOOD
    [3] => 100
    [4] => STORAGE
)

[03-Apr-2025 23:23:20 Europe/Berlin] Parameters names: Array
(
    [0] => kb_id
    [1] => name
    [2] => condition
    [3] => cost
    [4] => status
)

[03-Apr-2025 23:23:20 Europe/Berlin] table name is: keyboards
[03-Apr-2025 23:26:18 Europe/Berlin] Parameters values: Array
(
    [0] => gpu_0001
    [1] => NVIDIA GeForce RTX 3070 Ti
    [2] => GOOD
    [3] => IN_USE
)

[03-Apr-2025 23:26:18 Europe/Berlin] Parameters names: Array
(
    [0] => gpu_id
    [1] => name
    [2] => condition
    [3] => status
)

[03-Apr-2025 23:26:18 Europe/Berlin] table name is: graphicscards
[03-Apr-2025 23:33:50 Europe/Berlin] Parameters values: Array
(
    [0] => gpu_0001
    [1] => NVIDIA GeForce RTX 3070 Ti
    [2] => BROKEN
    [3] => 400
    [4] => STORAGE
)

[03-Apr-2025 23:33:50 Europe/Berlin] Parameters names: Array
(
    [0] => gpu_id
    [1] => name
    [2] => condition
    [3] => cost
    [4] => status
)

[03-Apr-2025 23:33:50 Europe/Berlin] table name is: graphicscards
[03-Apr-2025 23:33:50 Europe/Berlin] Execution not successfull for the add_querySQLSTATE[23000]: Integrity constraint violation: 1062 Duplicate entry 'gpu_0001' for key 'PRIMARY'
[03-Apr-2025 23:33:51 Europe/Berlin] Parameters values: Array
(
    [0] => gpu_0001
    [1] => NVIDIA GeForce RTX 3070 Ti
    [2] => BROKEN
    [3] => 400
    [4] => STORAGE
)

[03-Apr-2025 23:33:51 Europe/Berlin] Parameters names: Array
(
    [0] => gpu_id
    [1] => name
    [2] => condition
    [3] => cost
    [4] => status
)

[03-Apr-2025 23:33:51 Europe/Berlin] table name is: graphicscards
[03-Apr-2025 23:33:51 Europe/Berlin] Execution not successfull for the add_querySQLSTATE[23000]: Integrity constraint violation: 1062 Duplicate entry 'gpu_0001' for key 'PRIMARY'
[03-Apr-2025 23:33:52 Europe/Berlin] Parameters values: Array
(
    [0] => gpu_0001
    [1] => NVIDIA GeForce RTX 3070 Ti
    [2] => BROKEN
    [3] => 400
    [4] => STORAGE
)

[03-Apr-2025 23:33:52 Europe/Berlin] Parameters names: Array
(
    [0] => gpu_id
    [1] => name
    [2] => condition
    [3] => cost
    [4] => status
)

[03-Apr-2025 23:33:52 Europe/Berlin] table name is: graphicscards
[03-Apr-2025 23:33:52 Europe/Berlin] Execution not successfull for the add_querySQLSTATE[23000]: Integrity constraint violation: 1062 Duplicate entry 'gpu_0001' for key 'PRIMARY'
[03-Apr-2025 23:33:53 Europe/Berlin] Parameters values: Array
(
    [0] => gpu_0001
    [1] => NVIDIA GeForce RTX 3070 Ti
    [2] => BROKEN
    [3] => 400
    [4] => STORAGE
)

[03-Apr-2025 23:33:53 Europe/Berlin] Parameters names: Array
(
    [0] => gpu_id
    [1] => name
    [2] => condition
    [3] => cost
    [4] => status
)

[03-Apr-2025 23:33:53 Europe/Berlin] table name is: graphicscards
[03-Apr-2025 23:33:53 Europe/Berlin] Execution not successfull for the add_querySQLSTATE[23000]: Integrity constraint violation: 1062 Duplicate entry 'gpu_0001' for key 'PRIMARY'
[03-Apr-2025 23:36:16 Europe/Berlin] Parameters values: Array
(
    [0] => gpu_0002
    [1] => NVIDIA GeForce RTX 3070 Ti
    [2] => BROKEN
    [3] => 400
    [4] => STORAGE
)

[03-Apr-2025 23:36:16 Europe/Berlin] Parameters names: Array
(
    [0] => gpu_id
    [1] => name
    [2] => condition
    [3] => cost
    [4] => status
)

[03-Apr-2025 23:36:16 Europe/Berlin] table name is: graphicscards
[03-Apr-2025 23:38:58 Europe/Berlin] Parameters values: Array
(
    [0] => mouse_0002
    [1] => Herry
    [2] => GOOD
    [3] => STORAGE
)

[03-Apr-2025 23:38:58 Europe/Berlin] Parameters names: Array
(
    [0] => mouse_id
    [1] => name
    [2] => condition
    [3] => status
)

[03-Apr-2025 23:38:58 Europe/Berlin] table name is: mice
[03-Apr-2025 23:38:58 Europe/Berlin] Execution not successfull for the add_querySQLSTATE[42S22]: Column not found: 1054 Unknown column 'status' in 'field list'
[03-Apr-2025 23:39:54 Europe/Berlin] Parameters values: Array
(
    [0] => mouse_0002
    [1] => Herry
    [2] => GOOD
    [3] => 400
    [4] => STORAGE
)

[03-Apr-2025 23:39:54 Europe/Berlin] Parameters names: Array
(
    [0] => mouse_id
    [1] => name
    [2] => condition
    [3] => cost
    [4] => status
)

[03-Apr-2025 23:39:54 Europe/Berlin] table name is: mice
[03-Apr-2025 23:39:54 Europe/Berlin] Execution not successfull for the add_querySQLSTATE[42S22]: Column not found: 1054 Unknown column 'status' in 'field list'
[03-Apr-2025 23:41:44 Europe/Berlin] Parameters values: Array
(
    [0] => gpu_0003
    [1] => NVIDIA GeForce RTX 3070 Ti
    [2] => GOOD
    [3] => 400
    [4] => IN_USE
)

[03-Apr-2025 23:41:44 Europe/Berlin] Parameters names: Array
(
    [0] => gpu_id
    [1] => name
    [2] => condition
    [3] => cost
    [4] => status
)

[03-Apr-2025 23:41:44 Europe/Berlin] table name is: graphicscards
[03-Apr-2025 23:43:11 Europe/Berlin] Execution not successful for view_tableSQLSTATE[42S02]: Base table or view not found: 1146 Table 'inventdev.broken' doesn't exist
[03-Apr-2025 23:43:11 Europe/Berlin] Message: No data available
[03-Apr-2025 23:43:15 Europe/Berlin] Execution not successful for view_tableSQLSTATE[42S02]: Base table or view not found: 1146 Table 'inventdev.broken' doesn't exist
[03-Apr-2025 23:43:15 Europe/Berlin] Message: No data available
[03-Apr-2025 23:43:53 Europe/Berlin] Parameters values: Array
(
    [0] => psu_0001
    [1] => Cherry
    [2] => 1000
    [3] => yes
    [4] => GOOD
    [5] => 320.63
    [6] => STORAGE
)

[03-Apr-2025 23:43:53 Europe/Berlin] Parameters names: Array
(
    [0] => psu_id
    [1] => name
    [2] => wattage
    [3] => modular
    [4] => condition
    [5] => cost
    [6] => status
)

[03-Apr-2025 23:43:53 Europe/Berlin] table name is: powersupplies
[03-Apr-2025 23:43:53 Europe/Berlin] Execution not successfull for the add_querySQLSTATE[23000]: Integrity constraint violation: 1062 Duplicate entry 'psu_0001' for key 'PRIMARY'
[03-Apr-2025 23:43:54 Europe/Berlin] Parameters values: Array
(
    [0] => psu_0001
    [1] => Cherry
    [2] => 1000
    [3] => yes
    [4] => GOOD
    [5] => 320.63
    [6] => STORAGE
)

[03-Apr-2025 23:43:54 Europe/Berlin] Parameters names: Array
(
    [0] => psu_id
    [1] => name
    [2] => wattage
    [3] => modular
    [4] => condition
    [5] => cost
    [6] => status
)

[03-Apr-2025 23:43:54 Europe/Berlin] table name is: powersupplies
[03-Apr-2025 23:43:54 Europe/Berlin] Execution not successfull for the add_querySQLSTATE[23000]: Integrity constraint violation: 1062 Duplicate entry 'psu_0001' for key 'PRIMARY'
[03-Apr-2025 23:44:07 Europe/Berlin] Parameters values: Array
(
    [0] => psu_0001
    [1] => Cherry
    [2] => 1000
    [3] => yes
    [4] => GOOD
    [5] => 320.63
    [6] => STORAGE
)

[03-Apr-2025 23:44:07 Europe/Berlin] Parameters names: Array
(
    [0] => psu_id
    [1] => name
    [2] => wattage
    [3] => modular
    [4] => condition
    [5] => cost
    [6] => status
)

[03-Apr-2025 23:44:07 Europe/Berlin] table name is: powersupplies
[03-Apr-2025 23:44:07 Europe/Berlin] Execution not successfull for the add_querySQLSTATE[23000]: Integrity constraint violation: 1062 Duplicate entry 'psu_0001' for key 'PRIMARY'
[03-Apr-2025 23:45:26 Europe/Berlin] Parameters values: Array
(
    [0] => psu_0002
    [1] => Cherry
    [2] => 1000
    [3] => yes
    [4] => GOOD
    [5] => 320.63
    [6] => STORAGE
)

[03-Apr-2025 23:45:26 Europe/Berlin] Parameters names: Array
(
    [0] => psu_id
    [1] => name
    [2] => wattage
    [3] => modular
    [4] => condition
    [5] => cost
    [6] => status
)

[03-Apr-2025 23:45:26 Europe/Berlin] table name is: powersupplies
